F:\DEV\ZTCPRO\ZTCPRO\DEBUG\ZCLIENTNET.OBJ
F:\DEV\ZTCPRO\ZTCPRO\DEBUG\ZCLIENTSOCKET.OBJ
F:\DEV\ZTCPRO\ZTCPRO\DEBUG\ZCLIENTTIMER.OBJ
F:\DEV\ZTCPRO\ZTCPRO\DEBUG\ZBITMAP.OBJ
F:\DEV\ZTCPRO\ZTCPRO\DEBUG\ZPICTUREFUNCTIONPOOL.OBJ
F:\DEV\ZTCPRO\ZTCPRO\DEBUG\ZCOMMONALITY.OBJ
F:\DEV\ZTCPRO\ZTCPRO\DEBUG\ZLOG.OBJ
F:\DEV\ZTCPRO\ZTCPRO\DEBUG\ZPOINT.OBJ
F:\DEV\ZTCPRO\ZTCPRO\DEBUG\ZTIME.OBJ
F:\DEV\ZTCPRO\ZTCPRO\DEBUG\VC110.PDB
F:\DEV\ZTCPRO\ZTCPRO\DEBUG\MAIN.OBJ
F:\DEV\ZTCPRO\DEBUG\ZTCPRO.ILK
F:\DEV\ZTCPRO\DEBUG\ZTCPRO.EXE
F:\DEV\ZTCPRO\DEBUG\ZTCPRO.PDB
F:\DEV\PROJECT\C++\READMP3INFO\DEBUG\ZTCPRO.ILK
F:\DEV\PROJECT\C++\READMP3INFO\DEBUG\ZTCPRO.EXE
F:\DEV\PROJECT\C++\READMP3INFO\DEBUG\ZTCPRO.PDB
F:\Dev\ZTCPro\Debug\ZTCPro.lib
F:\Dev\ZTCPro\Debug\ZTCPro.exp
F:\Dev\Project\C++\ReadMp3Info\Debug\ZTCPro.lib
F:\Dev\Project\C++\ReadMp3Info\Debug\ZTCPro.exp
F:\Dev\ZTCPro\ZTCPro\Debug\main.obj
F:\Dev\ZTCPro\ZTCPro\Debug\ZBitmap.obj
F:\Dev\ZTCPro\ZTCPro\Debug\ZClientNet.obj
F:\Dev\ZTCPro\ZTCPro\Debug\ZClientSocket.obj
F:\Dev\ZTCPro\ZTCPro\Debug\ZClientTimer.obj
F:\Dev\ZTCPro\ZTCPro\Debug\ZCommonality.obj
F:\Dev\ZTCPro\ZTCPro\Debug\ZLog.obj
F:\Dev\ZTCPro\ZTCPro\Debug\ZPictureFunctionPool.obj
F:\Dev\ZTCPro\ZTCPro\Debug\ZPoint.obj
F:\Dev\ZTCPro\ZTCPro\Debug\ZTime.obj
F:\Dev\ZTCPro\ZTCPro\Debug\cl.command.1.tlog
F:\Dev\ZTCPro\ZTCPro\Debug\CL.read.1.tlog
F:\Dev\ZTCPro\ZTCPro\Debug\CL.write.1.tlog
F:\Dev\ZTCPro\ZTCPro\Debug\link-cvtres.read.1.tlog
F:\Dev\ZTCPro\ZTCPro\Debug\link-cvtres.write.1.tlog
F:\Dev\ZTCPro\ZTCPro\Debug\link-rc.read.1.tlog
F:\Dev\ZTCPro\ZTCPro\Debug\link-rc.write.1.tlog
F:\Dev\ZTCPro\ZTCPro\Debug\link.2884-cvtres.read.1.tlog
F:\Dev\ZTCPro\ZTCPro\Debug\link.2884-cvtres.write.1.tlog
F:\Dev\ZTCPro\ZTCPro\Debug\link.2884-rc.read.1.tlog
F:\Dev\ZTCPro\ZTCPro\Debug\link.2884-rc.write.1.tlog
F:\Dev\ZTCPro\ZTCPro\Debug\link.2884.read.1.tlog
F:\Dev\ZTCPro\ZTCPro\Debug\link.2884.write.1.tlog
F:\Dev\ZTCPro\ZTCPro\Debug\link.command.1.tlog
F:\Dev\ZTCPro\ZTCPro\Debug\link.read.1.tlog
F:\Dev\ZTCPro\ZTCPro\Debug\link.write.1.tlog
F:\Dev\ZTCPro\ZTCPro\Debug\ZTCPro.write.1.tlog
F:\Dev\ZTCPro\ZTCPro\Debug\vc110.idb
F:\Dev\ZTCPro\ZTCPro\Debug\vc110.pdb
F:\Dev\Project\C++\ReadMp3Info\Debug\ZTCPro.pdb
F:\Dev\Project\C++\ReadMp3Info\Debug\ZTCPro.exe
F:\Dev\Project\C++\ReadMp3Info\Debug\ZTCPro.ilk
