F:\DEV\ZTCPRO\ZTCPRO\RELEASE\ZTIME.OBJ
F:\DEV\ZTCPRO\ZTCPRO\RELEASE\ZPOINT.OBJ
F:\DEV\ZTCPRO\ZTCPRO\RELEASE\ZLOG.OBJ
F:\DEV\ZTCPRO\ZTCPRO\RELEASE\ZCOMMONALITY.OBJ
F:\DEV\ZTCPRO\ZTCPRO\RELEASE\ZPICTUREFUNCTIONPOOL.OBJ
F:\DEV\ZTCPRO\ZTCPRO\RELEASE\ZBITMAP.OBJ
F:\DEV\ZTCPRO\ZTCPRO\RELEASE\MAIN.OBJ
F:\DEV\ZTCPRO\ZTCPRO\RELEASE\VC110.PDB
F:\DEV\ZTCPRO\RELEASE\ZTCPRO.EXE
F:\DEV\ZTCPRO\RELEASE\ZTCPRO.PDB
F:\Dev\ZTCPro\ZTCPro\Release\main.obj
F:\Dev\ZTCPro\ZTCPro\Release\ZBitmap.obj
F:\Dev\ZTCPro\ZTCPro\Release\ZCommonality.obj
F:\Dev\ZTCPro\ZTCPro\Release\ZLog.obj
F:\Dev\ZTCPro\ZTCPro\Release\ZPictureFunctionPool.obj
F:\Dev\ZTCPro\ZTCPro\Release\ZPoint.obj
F:\Dev\ZTCPro\ZTCPro\Release\ZTime.obj
F:\Dev\ZTCPro\ZTCPro\Release\cl.command.1.tlog
F:\Dev\ZTCPro\ZTCPro\Release\CL.read.1.tlog
F:\Dev\ZTCPro\ZTCPro\Release\CL.write.1.tlog
F:\Dev\ZTCPro\ZTCPro\Release\link-cvtres.read.1.tlog
F:\Dev\ZTCPro\ZTCPro\Release\link-cvtres.write.1.tlog
F:\Dev\ZTCPro\ZTCPro\Release\link-rc.read.1.tlog
F:\Dev\ZTCPro\ZTCPro\Release\link-rc.write.1.tlog
F:\Dev\ZTCPro\ZTCPro\Release\link.command.1.tlog
F:\Dev\ZTCPro\ZTCPro\Release\link.read.1.tlog
F:\Dev\ZTCPro\ZTCPro\Release\link.write.1.tlog
F:\Dev\ZTCPro\ZTCPro\Release\vc110.pdb
F:\Dev\ZTCPro\Release\ZTCPro.pdb
F:\Dev\ZTCPro\Release\ZTCPro.exe
