F:\DEV\ZTCPRO\ZTCPRO\DEBUG\MAIN.OBJ
F:\DEV\ZTCPRO\ZTCPRO\DEBUG\ZBITMAP.OBJ
F:\DEV\ZTCPRO\ZTCPRO\DEBUG\ZPICTUREFUNCTIONPOOL.OBJ
F:\DEV\ZTCPRO\ZTCPRO\DEBUG\ZCOMMONALITY.OBJ
F:\DEV\ZTCPRO\ZTCPRO\DEBUG\ZLOG.OBJ
F:\DEV\ZTCPRO\ZTCPRO\DEBUG\ZPOINT.OBJ
F:\DEV\ZTCPRO\ZTCPRO\DEBUG\ZTIME.OBJ
F:\DEV\ZTCPRO\ZTCPRO\DEBUG\VC110.PDB
F:\DEV\PROJECT\C++\READMP3INFO\DEBUG\ZTCPRO.LIB
F:\Dev\ZTCPro\ZTCPro\Debug\main.obj
F:\Dev\ZTCPro\ZTCPro\Debug\ZBitmap.obj
F:\Dev\ZTCPro\ZTCPro\Debug\ZCommonality.obj
F:\Dev\ZTCPro\ZTCPro\Debug\ZLog.obj
F:\Dev\ZTCPro\ZTCPro\Debug\ZPictureFunctionPool.obj
F:\Dev\ZTCPro\ZTCPro\Debug\ZPoint.obj
F:\Dev\ZTCPro\ZTCPro\Debug\ZTime.obj
F:\Dev\ZTCPro\ZTCPro\Debug\cl.command.1.tlog
F:\Dev\ZTCPro\ZTCPro\Debug\CL.read.1.tlog
F:\Dev\ZTCPro\ZTCPro\Debug\CL.write.1.tlog
F:\Dev\ZTCPro\ZTCPro\Debug\Lib-link.read.1.tlog
F:\Dev\ZTCPro\ZTCPro\Debug\Lib-link.write.1.tlog
F:\Dev\ZTCPro\ZTCPro\Debug\lib.command.1.tlog
F:\Dev\ZTCPro\ZTCPro\Debug\vc110.idb
F:\Dev\ZTCPro\ZTCPro\Debug\vc110.pdb
F:\Dev\Project\C++\ReadMp3Info\Debug\ZTCPro.lib
