Build started 2014/7/8 14:37:13.
     1>Project "F:\Dev\ZTCPro\ZTCPro\ZTCPro.vcxproj" on node 2 (Build target(s)).
     1>ClCompile:
         D:\VisualStudio2012\ZZ_Install\VC\bin\CL.exe /c /ZI /nologo /W3 /WX- /Od /Oy- /D WIN32 /D _DEBUG /D _CONSOLE /D _UNICODE /D UNICODE /Gm /EHsc /RTC1 /MDd /GS /fp:precise /Zc:wchar_t /Zc:forScope /Fo"Debug\\" /Fd"Debug\vc110.pdb" /Gd /TP /analyze- /errorReport:prompt Test\main.cpp
         main.cpp
     1>f:\dev\ztcpro\ztcpro\test\test1.h(139): warning C4101: 'two' : unreferenced local variable
     1>f:\dev\ztcpro\ztcpro\test\test1.h(144): warning C4101: 'cC' : unreferenced local variable
     1>f:\dev\ztcpro\ztcpro\test\test1.h(138): warning C4101: 'one' : unreferenced local variable
     1>f:\dev\ztcpro\ztcpro\test\testalgorithm.h(164): warning C4996: 'strcpy': This function or variable may be unsafe. Consider using strcpy_s instead. To disable deprecation, use _CRT_SECURE_NO_WARNINGS. See online help for details.
                 d:\visualstudio2012\zz_install\vc\include\string.h(110) : see declaration of 'strcpy'
     1>f:\dev\ztcpro\ztcpro\test\testalgorithm.h(194): warning C4996: 'strcpy': This function or variable may be unsafe. Consider using strcpy_s instead. To disable deprecation, use _CRT_SECURE_NO_WARNINGS. See online help for details.
                 d:\visualstudio2012\zz_install\vc\include\string.h(110) : see declaration of 'strcpy'
     1>f:\dev\ztcpro\ztcpro\test\testalgorithm.h(196): warning C4996: 'strcpy': This function or variable may be unsafe. Consider using strcpy_s instead. To disable deprecation, use _CRT_SECURE_NO_WARNINGS. See online help for details.
                 d:\visualstudio2012\zz_install\vc\include\string.h(110) : see declaration of 'strcpy'
     1>f:\dev\ztcpro\ztcpro\test\testalgorithm.h(198): warning C4996: 'strcpy': This function or variable may be unsafe. Consider using strcpy_s instead. To disable deprecation, use _CRT_SECURE_NO_WARNINGS. See online help for details.
                 d:\visualstudio2012\zz_install\vc\include\string.h(110) : see declaration of 'strcpy'
     1>f:\dev\ztcpro\ztcpro\test\testalgorithm.h(200): warning C4996: 'strcpy': This function or variable may be unsafe. Consider using strcpy_s instead. To disable deprecation, use _CRT_SECURE_NO_WARNINGS. See online help for details.
                 d:\visualstudio2012\zz_install\vc\include\string.h(110) : see declaration of 'strcpy'
       Link:
         D:\VisualStudio2012\ZZ_Install\VC\bin\link.exe /ERRORREPORT:PROMPT /OUT:"F:\Dev\ZTCPro\Debug\ZTCPro.exe" /INCREMENTAL /NOLOGO kernel32.lib user32.lib gdi32.lib winspool.lib comdlg32.lib advapi32.lib shell32.lib ole32.lib oleaut32.lib uuid.lib odbc32.lib odbccp32.lib /MANIFEST /MANIFESTUAC:"level='asInvoker' uiAccess='false'" /manifest:embed /DEBUG /PDB:"F:\Dev\ZTCPro\Debug\ZTCPro.pdb" /SUBSYSTEM:CONSOLE /TLBID:1 /DYNAMICBASE /NXCOMPAT /IMPLIB:"F:\Dev\ZTCPro\Debug\ZTCPro.lib" /MACHINE:X86 Debug\main.obj
         Debug\ZBitmap.obj
         Debug\ZPictureFunctionPool.obj
         Debug\ZCommonality.obj
         Debug\ZLog.obj
         Debug\ZPoint.obj
         Debug\ZTime.obj
         ZTCPro.vcxproj -> F:\Dev\ZTCPro\Debug\ZTCPro.exe
     1>Done Building Project "F:\Dev\ZTCPro\ZTCPro\ZTCPro.vcxproj" (Build target(s)).

Build succeeded.

Time Elapsed 00:00:06.39
